# JRE version: OpenJDK Runtime Environment (8.0_242-b01) (build 1.8.0_242-release-1644-b01)
# Java VM: OpenJDK 64-Bit Server VM (25.242-b01 mixed mode windows-amd64 compressed oops)
Heap:
 PSYoungGen      total 508928K, used 456283K [0x00000000d5580000, 0x00000000fb000000, 0x0000000100000000)
  eden space 434176K, 87% used [0x00000000d5580000,0x00000000eca174d0,0x00000000efd80000)
  from space 74752K, 99% used [0x00000000f6700000,0x00000000fafffad0,0x00000000fb000000)
  to   space 51200K, 0% used [0x00000000efd80000,0x00000000efd80000,0x00000000f2f80000)
 ParOldGen       total 333312K, used 129347K [0x0000000080000000, 0x0000000094580000, 0x00000000d5580000)
  object space 333312K, 38% used [0x0000000080000000,0x0000000087e50f30,0x0000000094580000)
 Metaspace       used 135831K, capacity 143116K, committed 143308K, reserved 1173504K
  class space    used 17726K, capacity 19138K, committed 19148K, reserved 1048576K
GC Heap History (10 events):
Event: 840.436 GC heap before
{Heap before GC invocations=18 (full 4):
 PSYoungGen      total 434688K, used 391680K [0x00000000d5580000, 0x00000000f5f00000, 0x0000000100000000)
  eden space 391680K, 100% used [0x00000000d5580000,0x00000000ed400000,0x00000000ed400000)
  from space 43008K, 0% used [0x00000000ed400000,0x00000000ed400000,0x00000000efe00000)
  to   space 48640K, 0% used [0x00000000f2f80000,0x00000000f2f80000,0x00000000f5f00000)
 ParOldGen       total 333312K, used 64319K [0x0000000080000000, 0x0000000094580000, 0x00000000d5580000)
  object space 333312K, 19% used [0x0000000080000000,0x0000000083ecfd30,0x0000000094580000)
 Metaspace       used 110926K, capacity 115912K, committed 116300K, reserved 1150976K
  class space    used 14590K, capacity 15566K, committed 15692K, reserved 1048576K
Event: 840.497 GC heap after
Heap after GC invocations=18 (full 4):
 PSYoungGen      total 482816K, used 35812K [0x00000000d5580000, 0x00000000f6c00000, 0x0000000100000000)
  eden space 434176K, 0% used [0x00000000d5580000,0x00000000d5580000,0x00000000efd80000)
  from space 48640K, 73% used [0x00000000f2f80000,0x00000000f52790f8,0x00000000f5f00000)
  to   space 51200K, 0% used [0x00000000efd80000,0x00000000efd80000,0x00000000f2f80000)
 ParOldGen       total 333312K, used 64327K [0x0000000080000000, 0x0000000094580000, 0x00000000d5580000)
  object space 333312K, 19% used [0x0000000080000000,0x0000000083ed1d30,0x0000000094580000)
 Metaspace       used 110926K, capacity 115912K, committed 116300K, reserved 1150976K
  class space    used 14590K, capacity 15566K, committed 15692K, reserved 1048576K
}
Event: 842.840 GC heap before
{Heap before GC invocations=19 (full 4):
 PSYoungGen      total 482816K, used 469988K [0x00000000d5580000, 0x00000000f6c00000, 0x0000000100000000)
  eden space 434176K, 100% used [0x00000000d5580000,0x00000000efd80000,0x00000000efd80000)
  from space 48640K, 73% used [0x00000000f2f80000,0x00000000f52790f8,0x00000000f5f00000)
  to   space 51200K, 0% used [0x00000000efd80000,0x00000000efd80000,0x00000000f2f80000)
 ParOldGen       total 333312K, used 64327K [0x0000000080000000, 0x0000000094580000, 0x00000000d5580000)
  object space 333312K, 19% used [0x0000000080000000,0x0000000083ed1d30,0x0000000094580000)
 Metaspace       used 111311K, capacity 116274K, committed 116556K, reserved 1150976K
  class space    used 14604K, capacity 15569K, committed 15692K, reserved 1048576K
Event: 842.871 GC heap after
Heap after GC invocations=19 (full 4):
 PSYoungGen      total 485376K, used 25363K [0x00000000d5580000, 0x00000000f6c00000, 0x0000000100000000)
  eden space 434176K, 0% used [0x00000000d5580000,0x00000000d5580000,0x00000000efd80000)
  from space 51200K, 49% used [0x00000000efd80000,0x00000000f1644f08,0x00000000f2f80000)
  to   space 48640K, 0% used [0x00000000f2f80000,0x00000000f2f80000,0x00000000f5f00000)
 ParOldGen       total 333312K, used 64335K [0x0000000080000000, 0x0000000094580000, 0x00000000d5580000)
  object space 333312K, 19% used [0x0000000080000000,0x0000000083ed3d30,0x0000000094580000)
 Metaspace       used 111311K, capacity 116274K, committed 116556K, reserved 1150976K
  class space    used 14604K, capacity 15569K, committed 15692K, reserved 1048576K
}
Event: 852.128 GC heap before
{Heap before GC invocations=20 (full 4):
 PSYoungGen      total 485376K, used 459539K [0x00000000d5580000, 0x00000000f6c00000, 0x0000000100000000)
  eden space 434176K, 100% used [0x00000000d5580000,0x00000000efd80000,0x00000000efd80000)
  from space 51200K, 49% used [0x00000000efd80000,0x00000000f1644f08,0x00000000f2f80000)
  to   space 48640K, 0% used [0x00000000f2f80000,0x00000000f2f80000,0x00000000f5f00000)
 ParOldGen       total 333312K, used 64335K [0x0000000080000000, 0x0000000094580000, 0x00000000d5580000)
  object space 333312K, 19% used [0x0000000080000000,0x0000000083ed3d30,0x0000000094580000)
 Metaspace       used 117381K, capacity 122960K, committed 123084K, reserved 1155072K
  class space    used 15420K, capacity 16516K, committed 16588K, reserved 1048576K
Event: 852.195 GC heap after
Heap after GC invocations=20 (full 4):
 PSYoungGen      total 482816K, used 46312K [0x00000000d5580000, 0x00000000f6c00000, 0x0000000100000000)
  eden space 434176K, 0% used [0x00000000d5580000,0x00000000d5580000,0x00000000efd80000)
  from space 48640K, 95% used [0x00000000f2f80000,0x00000000f5cba0c0,0x00000000f5f00000)
  to   space 51200K, 0% used [0x00000000efd80000,0x00000000efd80000,0x00000000f2f80000)
 ParOldGen       total 333312K, used 64335K [0x0000000080000000, 0x0000000094580000, 0x00000000d5580000)
  object space 333312K, 19% used [0x0000000080000000,0x0000000083ed3d30,0x0000000094580000)
 Metaspace       used 117381K, capacity 122960K, committed 123084K, reserved 1155072K
  class space    used 15420K, capacity 16516K, committed 16588K, reserved 1048576K
}
Event: 1011.221 GC heap before
{Heap before GC invocations=21 (full 4):
 PSYoungGen      total 482816K, used 480488K [0x00000000d5580000, 0x00000000f6c00000, 0x0000000100000000)
  eden space 434176K, 100% used [0x00000000d5580000,0x00000000efd80000,0x00000000efd80000)
  from space 48640K, 95% used [0x00000000f2f80000,0x00000000f5cba0c0,0x00000000f5f00000)
  to   space 51200K, 0% used [0x00000000efd80000,0x00000000efd80000,0x00000000f2f80000)
 ParOldGen       total 333312K, used 64335K [0x0000000080000000, 0x0000000094580000, 0x00000000d5580000)
  object space 333312K, 19% used [0x0000000080000000,0x0000000083ed3d30,0x0000000094580000)
 Metaspace       used 125638K, capacity 131666K, committed 132044K, reserved 1163264K
  class space    used 16284K, capacity 17485K, committed 17612K, reserved 1048576K
Event: 1011.351 GC heap after
Heap after GC invocations=21 (full 4):
 PSYoungGen      total 485376K, used 51177K [0x00000000d5580000, 0x00000000fb000000, 0x0000000100000000)
  eden space 434176K, 0% used [0x00000000d5580000,0x00000000d5580000,0x00000000efd80000)
  from space 51200K, 99% used [0x00000000efd80000,0x00000000f2f7a5f0,0x00000000f2f80000)
  to   space 74752K, 0% used [0x00000000f6700000,0x00000000f6700000,0x00000000fb000000)
 ParOldGen       total 333312K, used 98393K [0x0000000080000000, 0x0000000094580000, 0x00000000d5580000)
  object space 333312K, 29% used [0x0000000080000000,0x0000000086016658,0x0000000094580000)
 Metaspace       used 125638K, capacity 131666K, committed 132044K, reserved 1163264K
  class space    used 16284K, capacity 17485K, committed 17612K, reserved 1048576K
}
Event: 1020.153 GC heap before
{Heap before GC invocations=22 (full 4):
 PSYoungGen      total 485376K, used 485353K [0x00000000d5580000, 0x00000000fb000000, 0x0000000100000000)
  eden space 434176K, 100% used [0x00000000d5580000,0x00000000efd80000,0x00000000efd80000)
  from space 51200K, 99% used [0x00000000efd80000,0x00000000f2f7a5f0,0x00000000f2f80000)
  to   space 74752K, 0% used [0x00000000f6700000,0x00000000f6700000,0x00000000fb000000)
 ParOldGen       total 333312K, used 98393K [0x0000000080000000, 0x0000000094580000, 0x00000000d5580000)
  object space 333312K, 29% used [0x0000000080000000,0x0000000086016658,0x0000000094580000)
 Metaspace       used 133509K, capacity 140330K, committed 140492K, reserved 1171456K
  class space    used 17441K, capacity 18767K, committed 18892K, reserved 1048576K
Event: 1020.347 GC heap after
Heap after GC invocations=22 (full 4):
 PSYoungGen      total 508928K, used 74750K [0x00000000d5580000, 0x00000000fb000000, 0x0000000100000000)
  eden space 434176K, 0% used [0x00000000d5580000,0x00000000d5580000,0x00000000efd80000)
  from space 74752K, 99% used [0x00000000f6700000,0x00000000fafffad0,0x00000000fb000000)
  to   space 51200K, 0% used [0x00000000efd80000,0x00000000efd80000,0x00000000f2f80000)
 ParOldGen       total 333312K, used 129347K [0x0000000080000000, 0x0000000094580000, 0x00000000d5580000)
  object space 333312K, 38% used [0x0000000080000000,0x0000000087e50f30,0x0000000094580000)
 Metaspace       used 133509K, capacity 140330K, committed 140492K, reserved 1171456K
  class space    used 17441K, capacity 18767K, committed 18892K, reserved 1048576K
}

