# JRE version: OpenJDK Runtime Environment (8.0_242-b01) (build 1.8.0_242-release-1644-b01)
# Java VM: OpenJDK 64-Bit Server VM (25.242-b01 mixed mode windows-amd64 compressed oops)
Heap:
 PSYoungGen      total 357376K, used 301425K [0x00000000d5580000, 0x00000000ef700000, 0x0000000100000000)
  eden space 309760K, 86% used [0x00000000d5580000,0x00000000e5c65310,0x00000000e8400000)
  from space 47616K, 67% used [0x00000000e8400000,0x00000000ea377330,0x00000000eb280000)
  to   space 49152K, 0% used [0x00000000ec700000,0x00000000ec700000,0x00000000ef700000)
 ParOldGen       total 340480K, used 74764K [0x0000000080000000, 0x0000000094c80000, 0x00000000d5580000)
  object space 340480K, 21% used [0x0000000080000000,0x0000000084903320,0x0000000094c80000)
 Metaspace       used 103996K, capacity 110274K, committed 110540K, reserved 1144832K
  class space    used 13509K, capacity 14808K, committed 14848K, reserved 1048576K
GC Heap History (10 events):
Event: 450.019 GC heap before
{Heap before GC invocations=19 (full 3):
 PSYoungGen      total 284160K, used 227152K [0x00000000d5580000, 0x00000000ebd00000, 0x0000000100000000)
  eden space 250880K, 78% used [0x00000000d5580000,0x00000000e15aff88,0x00000000e4a80000)
  from space 33280K, 91% used [0x00000000e4a80000,0x00000000e6824448,0x00000000e6b00000)
  to   space 36864K, 0% used [0x00000000e9900000,0x00000000e9900000,0x00000000ebd00000)
 ParOldGen       total 216576K, used 64573K [0x0000000080000000, 0x000000008d380000, 0x00000000d5580000)
  object space 216576K, 29% used [0x0000000080000000,0x0000000083f0f4c8,0x000000008d380000)
 Metaspace       used 93058K, capacity 98320K, committed 98380K, reserved 1134592K
  class space    used 12358K, capacity 13383K, committed 13440K, reserved 1048576K
Event: 450.090 GC heap after
Heap after GC invocations=19 (full 3):
 PSYoungGen      total 324096K, used 36857K [0x00000000d5580000, 0x00000000ec480000, 0x0000000100000000)
  eden space 287232K, 0% used [0x00000000d5580000,0x00000000d5580000,0x00000000e6e00000)
  from space 36864K, 99% used [0x00000000e9900000,0x00000000ebcfe660,0x00000000ebd00000)
  to   space 44032K, 0% used [0x00000000e6e00000,0x00000000e6e00000,0x00000000e9900000)
 ParOldGen       total 216576K, used 68712K [0x0000000080000000, 0x000000008d380000, 0x00000000d5580000)
  object space 216576K, 31% used [0x0000000080000000,0x000000008431a3a8,0x000000008d380000)
 Metaspace       used 93058K, capacity 98320K, committed 98380K, reserved 1134592K
  class space    used 12358K, capacity 13383K, committed 13440K, reserved 1048576K
}
Event: 450.091 GC heap before
{Heap before GC invocations=20 (full 4):
 PSYoungGen      total 324096K, used 36857K [0x00000000d5580000, 0x00000000ec480000, 0x0000000100000000)
  eden space 287232K, 0% used [0x00000000d5580000,0x00000000d5580000,0x00000000e6e00000)
  from space 36864K, 99% used [0x00000000e9900000,0x00000000ebcfe660,0x00000000ebd00000)
  to   space 44032K, 0% used [0x00000000e6e00000,0x00000000e6e00000,0x00000000e9900000)
 ParOldGen       total 216576K, used 68712K [0x0000000080000000, 0x000000008d380000, 0x00000000d5580000)
  object space 216576K, 31% used [0x0000000080000000,0x000000008431a3a8,0x000000008d380000)
 Metaspace       used 93058K, capacity 98320K, committed 98380K, reserved 1134592K
  class space    used 12358K, capacity 13383K, committed 13440K, reserved 1048576K
Event: 450.529 GC heap after
Heap after GC invocations=20 (full 4):
 PSYoungGen      total 324096K, used 0K [0x00000000d5580000, 0x00000000ec480000, 0x0000000100000000)
  eden space 287232K, 0% used [0x00000000d5580000,0x00000000d5580000,0x00000000e6e00000)
  from space 36864K, 0% used [0x00000000e9900000,0x00000000e9900000,0x00000000ebd00000)
  to   space 44032K, 0% used [0x00000000e6e00000,0x00000000e6e00000,0x00000000e9900000)
 ParOldGen       total 340480K, used 74740K [0x0000000080000000, 0x0000000094c80000, 0x00000000d5580000)
  object space 340480K, 21% used [0x0000000080000000,0x00000000848fd320,0x0000000094c80000)
 Metaspace       used 92862K, capacity 97736K, committed 98380K, reserved 1134592K
  class space    used 12296K, capacity 13252K, committed 13440K, reserved 1048576K
}
Event: 578.532 GC heap before
{Heap before GC invocations=21 (full 4):
 PSYoungGen      total 324096K, used 287204K [0x00000000d5580000, 0x00000000ec480000, 0x0000000100000000)
  eden space 287232K, 99% used [0x00000000d5580000,0x00000000e6df9318,0x00000000e6e00000)
  from space 36864K, 0% used [0x00000000e9900000,0x00000000e9900000,0x00000000ebd00000)
  to   space 44032K, 0% used [0x00000000e6e00000,0x00000000e6e00000,0x00000000e9900000)
 ParOldGen       total 340480K, used 74740K [0x0000000080000000, 0x0000000094c80000, 0x00000000d5580000)
  object space 340480K, 21% used [0x0000000080000000,0x00000000848fd320,0x0000000094c80000)
 Metaspace       used 97711K, capacity 103006K, committed 103244K, reserved 1138688K
  class space    used 12804K, capacity 13863K, committed 13952K, reserved 1048576K
Event: 578.578 GC heap after
Heap after GC invocations=21 (full 4):
 PSYoungGen      total 331264K, used 28517K [0x00000000d5580000, 0x00000000ee180000, 0x0000000100000000)
  eden space 287232K, 0% used [0x00000000d5580000,0x00000000d5580000,0x00000000e6e00000)
  from space 44032K, 64% used [0x00000000e6e00000,0x00000000e89d9790,0x00000000e9900000)
  to   space 45056K, 0% used [0x00000000eb580000,0x00000000eb580000,0x00000000ee180000)
 ParOldGen       total 340480K, used 74748K [0x0000000080000000, 0x0000000094c80000, 0x00000000d5580000)
  object space 340480K, 21% used [0x0000000080000000,0x00000000848ff320,0x0000000094c80000)
 Metaspace       used 97711K, capacity 103006K, committed 103244K, reserved 1138688K
  class space    used 12804K, capacity 13863K, committed 13952K, reserved 1048576K
}
Event: 878.004 GC heap before
{Heap before GC invocations=22 (full 4):
 PSYoungGen      total 331264K, used 315749K [0x00000000d5580000, 0x00000000ee180000, 0x0000000100000000)
  eden space 287232K, 100% used [0x00000000d5580000,0x00000000e6e00000,0x00000000e6e00000)
  from space 44032K, 64% used [0x00000000e6e00000,0x00000000e89d9790,0x00000000e9900000)
  to   space 45056K, 0% used [0x00000000eb580000,0x00000000eb580000,0x00000000ee180000)
 ParOldGen       total 340480K, used 74748K [0x0000000080000000, 0x0000000094c80000, 0x00000000d5580000)
  object space 340480K, 21% used [0x0000000080000000,0x00000000848ff320,0x0000000094c80000)
 Metaspace       used 100409K, capacity 106112K, committed 106188K, reserved 1140736K
  class space    used 13109K, capacity 14277K, committed 14336K, reserved 1048576K
Event: 878.048 GC heap after
Heap after GC invocations=22 (full 4):
 PSYoungGen      total 354304K, used 34650K [0x00000000d5580000, 0x00000000ee100000, 0x0000000100000000)
  eden space 309760K, 0% used [0x00000000d5580000,0x00000000d5580000,0x00000000e8400000)
  from space 44544K, 77% used [0x00000000eb580000,0x00000000ed756800,0x00000000ee100000)
  to   space 47616K, 0% used [0x00000000e8400000,0x00000000e8400000,0x00000000eb280000)
 ParOldGen       total 340480K, used 74756K [0x0000000080000000, 0x0000000094c80000, 0x00000000d5580000)
  object space 340480K, 21% used [0x0000000080000000,0x0000000084901320,0x0000000094c80000)
 Metaspace       used 100409K, capacity 106112K, committed 106188K, reserved 1140736K
  class space    used 13109K, capacity 14277K, committed 14336K, reserved 1048576K
}
Event: 1612.282 GC heap before
{Heap before GC invocations=23 (full 4):
 PSYoungGen      total 354304K, used 344410K [0x00000000d5580000, 0x00000000ee100000, 0x0000000100000000)
  eden space 309760K, 100% used [0x00000000d5580000,0x00000000e8400000,0x00000000e8400000)
  from space 44544K, 77% used [0x00000000eb580000,0x00000000ed756800,0x00000000ee100000)
  to   space 47616K, 0% used [0x00000000e8400000,0x00000000e8400000,0x00000000eb280000)
 ParOldGen       total 340480K, used 74756K [0x0000000080000000, 0x0000000094c80000, 0x00000000d5580000)
  object space 340480K, 21% used [0x0000000080000000,0x0000000084901320,0x0000000094c80000)
 Metaspace       used 101123K, capacity 107066K, committed 107340K, reserved 1142784K
  class space    used 13162K, capacity 14388K, committed 14464K, reserved 1048576K
Event: 1612.344 GC heap after
Heap after GC invocations=23 (full 4):
 PSYoungGen      total 357376K, used 32220K [0x00000000d5580000, 0x00000000ef700000, 0x0000000100000000)
  eden space 309760K, 0% used [0x00000000d5580000,0x00000000d5580000,0x00000000e8400000)
  from space 47616K, 67% used [0x00000000e8400000,0x00000000ea377330,0x00000000eb280000)
  to   space 49152K, 0% used [0x00000000ec700000,0x00000000ec700000,0x00000000ef700000)
 ParOldGen       total 340480K, used 74764K [0x0000000080000000, 0x0000000094c80000, 0x00000000d5580000)
  object space 340480K, 21% used [0x0000000080000000,0x0000000084903320,0x0000000094c80000)
 Metaspace       used 101123K, capacity 107066K, committed 107340K, reserved 1142784K
  class space    used 13162K, capacity 14388K, committed 14464K, reserved 1048576K
}

