# JRE version: OpenJDK Runtime Environment (8.0_242-b01) (build 1.8.0_242-release-1644-b01)
# Java VM: OpenJDK 64-Bit Server VM (25.242-b01 mixed mode windows-amd64 compressed oops)
Heap:
 PSYoungGen      total 454656K, used 140276K [0x00000000d5580000, 0x00000000f9f00000, 0x0000000100000000)
  eden space 413696K, 24% used [0x00000000d5580000,0x00000000db67dd48,0x00000000ee980000)
  from space 40960K, 99% used [0x00000000f3200000,0x00000000f59ff5c0,0x00000000f5a00000)
  to   space 74240K, 0% used [0x00000000ee980000,0x00000000ee980000,0x00000000f3200000)
 ParOldGen       total 204288K, used 145233K [0x0000000080000000, 0x000000008c780000, 0x00000000d5580000)
  object space 204288K, 71% used [0x0000000080000000,0x0000000088dd45f0,0x000000008c780000)
 Metaspace       used 83986K, capacity 89062K, committed 89088K, reserved 1126400K
  class space    used 11367K, capacity 12276K, committed 12288K, reserved 1048576K
GC Heap History (10 events):
Event: 34.142 GC heap before
{Heap before GC invocations=19 (full 3):
 PSYoungGen      total 320000K, used 307963K [0x00000000d5580000, 0x00000000eeb00000, 0x0000000100000000)
  eden space 287232K, 100% used [0x00000000d5580000,0x00000000e6e00000,0x00000000e6e00000)
  from space 32768K, 63% used [0x00000000e6e00000,0x00000000e823ecc8,0x00000000e8e00000)
  to   space 32768K, 0% used [0x00000000ecb00000,0x00000000ecb00000,0x00000000eeb00000)
 ParOldGen       total 204288K, used 70040K [0x0000000080000000, 0x000000008c780000, 0x00000000d5580000)
  object space 204288K, 34% used [0x0000000080000000,0x00000000844663e8,0x000000008c780000)
 Metaspace       used 79450K, capacity 83708K, committed 83968K, reserved 1122304K
  class space    used 10861K, capacity 11651K, committed 11776K, reserved 1048576K
Event: 34.193 GC heap after
Heap after GC invocations=19 (full 3):
 PSYoungGen      total 380928K, used 25277K [0x00000000d5580000, 0x00000000ef180000, 0x0000000100000000)
  eden space 348160K, 0% used [0x00000000d5580000,0x00000000d5580000,0x00000000ea980000)
  from space 32768K, 77% used [0x00000000ecb00000,0x00000000ee3af6f0,0x00000000eeb00000)
  to   space 34304K, 0% used [0x00000000ea980000,0x00000000ea980000,0x00000000ecb00000)
 ParOldGen       total 204288K, used 70048K [0x0000000080000000, 0x000000008c780000, 0x00000000d5580000)
  object space 204288K, 34% used [0x0000000080000000,0x00000000844683e8,0x000000008c780000)
 Metaspace       used 79450K, capacity 83708K, committed 83968K, reserved 1122304K
  class space    used 10861K, capacity 11651K, committed 11776K, reserved 1048576K
}
Event: 36.680 GC heap before
{Heap before GC invocations=20 (full 3):
 PSYoungGen      total 380928K, used 373437K [0x00000000d5580000, 0x00000000ef180000, 0x0000000100000000)
  eden space 348160K, 100% used [0x00000000d5580000,0x00000000ea980000,0x00000000ea980000)
  from space 32768K, 77% used [0x00000000ecb00000,0x00000000ee3af6f0,0x00000000eeb00000)
  to   space 34304K, 0% used [0x00000000ea980000,0x00000000ea980000,0x00000000ecb00000)
 ParOldGen       total 204288K, used 70048K [0x0000000080000000, 0x000000008c780000, 0x00000000d5580000)
  object space 204288K, 34% used [0x0000000080000000,0x00000000844683e8,0x000000008c780000)
 Metaspace       used 80773K, capacity 85428K, committed 85632K, reserved 1122304K
  class space    used 11047K, capacity 11849K, committed 11904K, reserved 1048576K
Event: 36.726 GC heap after
Heap after GC invocations=20 (full 3):
 PSYoungGen      total 382464K, used 26706K [0x00000000d5580000, 0x00000000f2200000, 0x0000000100000000)
  eden space 348160K, 0% used [0x00000000d5580000,0x00000000d5580000,0x00000000ea980000)
  from space 34304K, 77% used [0x00000000ea980000,0x00000000ec3949a8,0x00000000ecb00000)
  to   space 36352K, 0% used [0x00000000efe80000,0x00000000efe80000,0x00000000f2200000)
 ParOldGen       total 204288K, used 70056K [0x0000000080000000, 0x000000008c780000, 0x00000000d5580000)
  object space 204288K, 34% used [0x0000000080000000,0x000000008446a3e8,0x000000008c780000)
 Metaspace       used 80773K, capacity 85428K, committed 85632K, reserved 1122304K
  class space    used 11047K, capacity 11849K, committed 11904K, reserved 1048576K
}
Event: 40.673 GC heap before
{Heap before GC invocations=21 (full 3):
 PSYoungGen      total 382464K, used 374866K [0x00000000d5580000, 0x00000000f2200000, 0x0000000100000000)
  eden space 348160K, 100% used [0x00000000d5580000,0x00000000ea980000,0x00000000ea980000)
  from space 34304K, 77% used [0x00000000ea980000,0x00000000ec3949a8,0x00000000ecb00000)
  to   space 36352K, 0% used [0x00000000efe80000,0x00000000efe80000,0x00000000f2200000)
 ParOldGen       total 204288K, used 70056K [0x0000000080000000, 0x000000008c780000, 0x00000000d5580000)
  object space 204288K, 34% used [0x0000000080000000,0x000000008446a3e8,0x000000008c780000)
 Metaspace       used 80803K, capacity 85438K, committed 85632K, reserved 1122304K
  class space    used 11050K, capacity 11852K, committed 11904K, reserved 1048576K
Event: 40.747 GC heap after
Heap after GC invocations=21 (full 3):
 PSYoungGen      total 432128K, used 32144K [0x00000000d5580000, 0x00000000f2680000, 0x0000000100000000)
  eden space 395776K, 0% used [0x00000000d5580000,0x00000000d5580000,0x00000000ed800000)
  from space 36352K, 88% used [0x00000000efe80000,0x00000000f1de41b8,0x00000000f2200000)
  to   space 39424K, 0% used [0x00000000ed800000,0x00000000ed800000,0x00000000efe80000)
 ParOldGen       total 204288K, used 70056K [0x0000000080000000, 0x000000008c780000, 0x00000000d5580000)
  object space 204288K, 34% used [0x0000000080000000,0x000000008446a3e8,0x000000008c780000)
 Metaspace       used 80803K, capacity 85438K, committed 85632K, reserved 1122304K
  class space    used 11050K, capacity 11852K, committed 11904K, reserved 1048576K
}
Event: 45.802 GC heap before
{Heap before GC invocations=22 (full 3):
 PSYoungGen      total 432128K, used 427920K [0x00000000d5580000, 0x00000000f2680000, 0x0000000100000000)
  eden space 395776K, 100% used [0x00000000d5580000,0x00000000ed800000,0x00000000ed800000)
  from space 36352K, 88% used [0x00000000efe80000,0x00000000f1de41b8,0x00000000f2200000)
  to   space 39424K, 0% used [0x00000000ed800000,0x00000000ed800000,0x00000000efe80000)
 ParOldGen       total 204288K, used 70056K [0x0000000080000000, 0x000000008c780000, 0x00000000d5580000)
  object space 204288K, 34% used [0x0000000080000000,0x000000008446a3e8,0x000000008c780000)
 Metaspace       used 81099K, capacity 85736K, committed 85888K, reserved 1124352K
  class space    used 11066K, capacity 11895K, committed 11904K, reserved 1048576K
Event: 45.863 GC heap after
Heap after GC invocations=22 (full 3):
 PSYoungGen      total 435200K, used 28152K [0x00000000d5580000, 0x00000000f5a00000, 0x0000000100000000)
  eden space 395776K, 0% used [0x00000000d5580000,0x00000000d5580000,0x00000000ed800000)
  from space 39424K, 71% used [0x00000000ed800000,0x00000000ef37e278,0x00000000efe80000)
  to   space 40960K, 0% used [0x00000000f3200000,0x00000000f3200000,0x00000000f5a00000)
 ParOldGen       total 204288K, used 70064K [0x0000000080000000, 0x000000008c780000, 0x00000000d5580000)
  object space 204288K, 34% used [0x0000000080000000,0x000000008446c3e8,0x000000008c780000)
 Metaspace       used 81099K, capacity 85736K, committed 85888K, reserved 1124352K
  class space    used 11066K, capacity 11895K, committed 11904K, reserved 1048576K
}
Event: 52.583 GC heap before
{Heap before GC invocations=23 (full 3):
 PSYoungGen      total 435200K, used 423928K [0x00000000d5580000, 0x00000000f5a00000, 0x0000000100000000)
  eden space 395776K, 100% used [0x00000000d5580000,0x00000000ed800000,0x00000000ed800000)
  from space 39424K, 71% used [0x00000000ed800000,0x00000000ef37e278,0x00000000efe80000)
  to   space 40960K, 0% used [0x00000000f3200000,0x00000000f3200000,0x00000000f5a00000)
 ParOldGen       total 204288K, used 70064K [0x0000000080000000, 0x000000008c780000, 0x00000000d5580000)
  object space 204288K, 34% used [0x0000000080000000,0x000000008446c3e8,0x000000008c780000)
 Metaspace       used 83924K, capacity 88978K, committed 89088K, reserved 1126400K
  class space    used 11360K, capacity 12272K, committed 12288K, reserved 1048576K
Event: 52.784 GC heap after
Heap after GC invocations=23 (full 3):
 PSYoungGen      total 454656K, used 40957K [0x00000000d5580000, 0x00000000f9f00000, 0x0000000100000000)
  eden space 413696K, 0% used [0x00000000d5580000,0x00000000d5580000,0x00000000ee980000)
  from space 40960K, 99% used [0x00000000f3200000,0x00000000f59ff5c0,0x00000000f5a00000)
  to   space 74240K, 0% used [0x00000000ee980000,0x00000000ee980000,0x00000000f3200000)
 ParOldGen       total 204288K, used 145233K [0x0000000080000000, 0x000000008c780000, 0x00000000d5580000)
  object space 204288K, 71% used [0x0000000080000000,0x0000000088dd45f0,0x000000008c780000)
 Metaspace       used 83924K, capacity 88978K, committed 89088K, reserved 1126400K
  class space    used 11360K, capacity 12272K, committed 12288K, reserved 1048576K
}

