# JRE version: OpenJDK Runtime Environment (8.0_242-b01) (build 1.8.0_242-release-1644-b01)
# Java VM: OpenJDK 64-Bit Server VM (25.242-b01 mixed mode windows-amd64 compressed oops)
Heap:
 PSYoungGen      total 652288K, used 516928K [0x00000000d5580000, 0x0000000100000000, 0x0000000100000000)
  eden space 606208K, 82% used [0x00000000d5580000,0x00000000f40add30,0x00000000fa580000)
  from space 46080K, 30% used [0x00000000fd100000,0x00000000fdea24b0,0x00000000ffe00000)
  to   space 44544K, 0% used [0x00000000fa580000,0x00000000fa580000,0x00000000fd100000)
 ParOldGen       total 205312K, used 122851K [0x0000000080000000, 0x000000008c880000, 0x00000000d5580000)
  object space 205312K, 59% used [0x0000000080000000,0x00000000877f8f28,0x000000008c880000)
 Metaspace       used 81677K, capacity 87032K, committed 87168K, reserved 1124352K
  class space    used 11211K, capacity 12123K, committed 12160K, reserved 1048576K
GC Heap History (10 events):
Event: 33.753 GC heap before
{Heap before GC invocations=17 (full 3):
 PSYoungGen      total 513024K, used 486060K [0x00000000d5580000, 0x00000000fe780000, 0x0000000100000000)
  eden space 467456K, 100% used [0x00000000d5580000,0x00000000f1e00000,0x00000000f1e00000)
  from space 45568K, 40% used [0x00000000f1e00000,0x00000000f302b1c8,0x00000000f4a80000)
  to   space 43008K, 0% used [0x00000000fbd80000,0x00000000fbd80000,0x00000000fe780000)
 ParOldGen       total 205312K, used 110940K [0x0000000080000000, 0x000000008c880000, 0x00000000d5580000)
  object space 205312K, 54% used [0x0000000080000000,0x0000000086c57010,0x000000008c880000)
 Metaspace       used 81145K, capacity 86332K, committed 86656K, reserved 1124352K
  class space    used 11174K, capacity 12079K, committed 12160K, reserved 1048576K
Event: 33.860 GC heap after
Heap after GC invocations=17 (full 3):
 PSYoungGen      total 628224K, used 30188K [0x00000000d5580000, 0x0000000100000000, 0x0000000100000000)
  eden space 585216K, 0% used [0x00000000d5580000,0x00000000d5580000,0x00000000f9100000)
  from space 43008K, 70% used [0x00000000fbd80000,0x00000000fdafb178,0x00000000fe780000)
  to   space 45568K, 0% used [0x00000000f9100000,0x00000000f9100000,0x00000000fbd80000)
 ParOldGen       total 205312K, used 110948K [0x0000000080000000, 0x000000008c880000, 0x00000000d5580000)
  object space 205312K, 54% used [0x0000000080000000,0x0000000086c59010,0x000000008c880000)
 Metaspace       used 81145K, capacity 86332K, committed 86656K, reserved 1124352K
  class space    used 11174K, capacity 12079K, committed 12160K, reserved 1048576K
}
Event: 35.467 GC heap before
{Heap before GC invocations=18 (full 3):
 PSYoungGen      total 628224K, used 615404K [0x00000000d5580000, 0x0000000100000000, 0x0000000100000000)
  eden space 585216K, 100% used [0x00000000d5580000,0x00000000f9100000,0x00000000f9100000)
  from space 43008K, 70% used [0x00000000fbd80000,0x00000000fdafb178,0x00000000fe780000)
  to   space 45568K, 0% used [0x00000000f9100000,0x00000000f9100000,0x00000000fbd80000)
 ParOldGen       total 205312K, used 110948K [0x0000000080000000, 0x000000008c880000, 0x00000000d5580000)
  object space 205312K, 54% used [0x0000000080000000,0x0000000086c59010,0x000000008c880000)
 Metaspace       used 81170K, capacity 86336K, committed 86656K, reserved 1124352K
  class space    used 11175K, capacity 12079K, committed 12160K, reserved 1048576K
Event: 35.560 GC heap after
Heap after GC invocations=18 (full 3):
 PSYoungGen      total 630784K, used 29417K [0x00000000d5580000, 0x0000000100000000, 0x0000000100000000)
  eden space 585216K, 0% used [0x00000000d5580000,0x00000000d5580000,0x00000000f9100000)
  from space 45568K, 64% used [0x00000000f9100000,0x00000000fadba420,0x00000000fbd80000)
  to   space 46592K, 0% used [0x00000000fd280000,0x00000000fd280000,0x0000000100000000)
 ParOldGen       total 205312K, used 113460K [0x0000000080000000, 0x000000008c880000, 0x00000000d5580000)
  object space 205312K, 55% used [0x0000000080000000,0x0000000086ecd088,0x000000008c880000)
 Metaspace       used 81170K, capacity 86336K, committed 86656K, reserved 1124352K
  class space    used 11175K, capacity 12079K, committed 12160K, reserved 1048576K
}
Event: 37.233 GC heap before
{Heap before GC invocations=19 (full 3):
 PSYoungGen      total 630784K, used 614633K [0x00000000d5580000, 0x0000000100000000, 0x0000000100000000)
  eden space 585216K, 100% used [0x00000000d5580000,0x00000000f9100000,0x00000000f9100000)
  from space 45568K, 64% used [0x00000000f9100000,0x00000000fadba420,0x00000000fbd80000)
  to   space 46592K, 0% used [0x00000000fd280000,0x00000000fd280000,0x0000000100000000)
 ParOldGen       total 205312K, used 113460K [0x0000000080000000, 0x000000008c880000, 0x00000000d5580000)
  object space 205312K, 55% used [0x0000000080000000,0x0000000086ecd088,0x000000008c880000)
 Metaspace       used 81193K, capacity 86400K, committed 86656K, reserved 1124352K
  class space    used 11175K, capacity 12079K, committed 12160K, reserved 1048576K
Event: 37.308 GC heap after
Heap after GC invocations=19 (full 3):
 PSYoungGen      total 650240K, used 29707K [0x00000000d5580000, 0x0000000100000000, 0x0000000100000000)
  eden space 603648K, 0% used [0x00000000d5580000,0x00000000d5580000,0x00000000fa300000)
  from space 46592K, 63% used [0x00000000fd280000,0x00000000fef82e38,0x0000000100000000)
  to   space 47616K, 0% used [0x00000000fa300000,0x00000000fa300000,0x00000000fd180000)
 ParOldGen       total 205312K, used 116347K [0x0000000080000000, 0x000000008c880000, 0x00000000d5580000)
  object space 205312K, 56% used [0x0000000080000000,0x000000008719ecf8,0x000000008c880000)
 Metaspace       used 81193K, capacity 86400K, committed 86656K, reserved 1124352K
  class space    used 11175K, capacity 12079K, committed 12160K, reserved 1048576K
}
Event: 40.009 GC heap before
{Heap before GC invocations=20 (full 3):
 PSYoungGen      total 650240K, used 633355K [0x00000000d5580000, 0x0000000100000000, 0x0000000100000000)
  eden space 603648K, 100% used [0x00000000d5580000,0x00000000fa300000,0x00000000fa300000)
  from space 46592K, 63% used [0x00000000fd280000,0x00000000fef82e38,0x0000000100000000)
  to   space 47616K, 0% used [0x00000000fa300000,0x00000000fa300000,0x00000000fd180000)
 ParOldGen       total 205312K, used 116347K [0x0000000080000000, 0x000000008c880000, 0x00000000d5580000)
  object space 205312K, 56% used [0x0000000080000000,0x000000008719ecf8,0x000000008c880000)
 Metaspace       used 81451K, capacity 86694K, committed 86912K, reserved 1124352K
  class space    used 11196K, capacity 12102K, committed 12160K, reserved 1048576K
Event: 40.072 GC heap after
Heap after GC invocations=20 (full 3):
 PSYoungGen      total 627200K, used 23272K [0x00000000d5580000, 0x00000000ffe00000, 0x0000000100000000)
  eden space 603648K, 0% used [0x00000000d5580000,0x00000000d5580000,0x00000000fa300000)
  from space 23552K, 98% used [0x00000000fa300000,0x00000000fb9ba2f8,0x00000000fba00000)
  to   space 46080K, 0% used [0x00000000fd100000,0x00000000fd100000,0x00000000ffe00000)
 ParOldGen       total 205312K, used 119802K [0x0000000080000000, 0x000000008c880000, 0x00000000d5580000)
  object space 205312K, 58% used [0x0000000080000000,0x00000000874fe970,0x000000008c880000)
 Metaspace       used 81451K, capacity 86694K, committed 86912K, reserved 1124352K
  class space    used 11196K, capacity 12102K, committed 12160K, reserved 1048576K
}
Event: 43.901 GC heap before
{Heap before GC invocations=21 (full 3):
 PSYoungGen      total 627200K, used 626920K [0x00000000d5580000, 0x00000000ffe00000, 0x0000000100000000)
  eden space 603648K, 100% used [0x00000000d5580000,0x00000000fa300000,0x00000000fa300000)
  from space 23552K, 98% used [0x00000000fa300000,0x00000000fb9ba2f8,0x00000000fba00000)
  to   space 46080K, 0% used [0x00000000fd100000,0x00000000fd100000,0x00000000ffe00000)
 ParOldGen       total 205312K, used 119802K [0x0000000080000000, 0x000000008c880000, 0x00000000d5580000)
  object space 205312K, 58% used [0x0000000080000000,0x00000000874fe970,0x000000008c880000)
 Metaspace       used 81581K, capacity 86892K, committed 87168K, reserved 1124352K
  class space    used 11209K, capacity 12123K, committed 12160K, reserved 1048576K
Event: 43.939 GC heap after
Heap after GC invocations=21 (full 3):
 PSYoungGen      total 652288K, used 13961K [0x00000000d5580000, 0x0000000100000000, 0x0000000100000000)
  eden space 606208K, 0% used [0x00000000d5580000,0x00000000d5580000,0x00000000fa580000)
  from space 46080K, 30% used [0x00000000fd100000,0x00000000fdea24b0,0x00000000ffe00000)
  to   space 44544K, 0% used [0x00000000fa580000,0x00000000fa580000,0x00000000fd100000)
 ParOldGen       total 205312K, used 122851K [0x0000000080000000, 0x000000008c880000, 0x00000000d5580000)
  object space 205312K, 59% used [0x0000000080000000,0x00000000877f8f28,0x000000008c880000)
 Metaspace       used 81581K, capacity 86892K, committed 87168K, reserved 1124352K
  class space    used 11209K, capacity 12123K, committed 12160K, reserved 1048576K
}

