# JRE version: OpenJDK Runtime Environment (8.0_242-b01) (build 1.8.0_242-release-1644-b01)
# Java VM: OpenJDK 64-Bit Server VM (25.242-b01 mixed mode windows-amd64 compressed oops)
Heap:
 PSYoungGen      total 428032K, used 317840K [0x00000000d5580000, 0x00000000f8580000, 0x0000000100000000)
  eden space 364032K, 75% used [0x00000000d5580000,0x00000000e60cc8a8,0x00000000eb900000)
  from space 64000K, 68% used [0x00000000eb900000,0x00000000ee417868,0x00000000ef780000)
  to   space 66560K, 0% used [0x00000000f4480000,0x00000000f4480000,0x00000000f8580000)
 ParOldGen       total 314880K, used 97973K [0x0000000080000000, 0x0000000093380000, 0x00000000d5580000)
  object space 314880K, 31% used [0x0000000080000000,0x0000000085fad578,0x0000000093380000)
 Metaspace       used 112986K, capacity 119727K, committed 120000K, reserved 1153024K
  class space    used 14723K, capacity 16052K, committed 16088K, reserved 1048576K
GC Heap History (10 events):
Event: 195.952 GC heap before
{Heap before GC invocations=21 (full 4):
 PSYoungGen      total 323072K, used 317637K [0x00000000d5580000, 0x00000000eba80000, 0x0000000100000000)
  eden space 297984K, 100% used [0x00000000d5580000,0x00000000e7880000,0x00000000e7880000)
  from space 25088K, 78% used [0x00000000ea200000,0x00000000eb531770,0x00000000eba80000)
  to   space 33792K, 0% used [0x00000000e7880000,0x00000000e7880000,0x00000000e9980000)
 ParOldGen       total 314880K, used 60213K [0x0000000080000000, 0x0000000093380000, 0x00000000d5580000)
  object space 314880K, 19% used [0x0000000080000000,0x0000000083acd6b8,0x0000000093380000)
 Metaspace       used 102902K, capacity 108415K, committed 108608K, reserved 1142784K
  class space    used 13400K, capacity 14552K, committed 14680K, reserved 1048576K
Event: 196.024 GC heap after
Heap after GC invocations=21 (full 4):
 PSYoungGen      total 331776K, used 28582K [0x00000000d5580000, 0x00000000eda00000, 0x0000000100000000)
  eden space 297984K, 0% used [0x00000000d5580000,0x00000000d5580000,0x00000000e7880000)
  from space 33792K, 84% used [0x00000000e7880000,0x00000000e9469850,0x00000000e9980000)
  to   space 36864K, 0% used [0x00000000eb600000,0x00000000eb600000,0x00000000eda00000)
 ParOldGen       total 314880K, used 60221K [0x0000000080000000, 0x0000000093380000, 0x00000000d5580000)
  object space 314880K, 19% used [0x0000000080000000,0x0000000083acf6b8,0x0000000093380000)
 Metaspace       used 102902K, capacity 108415K, committed 108608K, reserved 1142784K
  class space    used 13400K, capacity 14552K, committed 14680K, reserved 1048576K
}
Event: 204.507 GC heap before
{Heap before GC invocations=22 (full 4):
 PSYoungGen      total 331776K, used 326566K [0x00000000d5580000, 0x00000000eda00000, 0x0000000100000000)
  eden space 297984K, 100% used [0x00000000d5580000,0x00000000e7880000,0x00000000e7880000)
  from space 33792K, 84% used [0x00000000e7880000,0x00000000e9469850,0x00000000e9980000)
  to   space 36864K, 0% used [0x00000000eb600000,0x00000000eb600000,0x00000000eda00000)
 ParOldGen       total 314880K, used 60223K [0x0000000080000000, 0x0000000093380000, 0x00000000d5580000)
  object space 314880K, 19% used [0x0000000080000000,0x0000000083acff90,0x0000000093380000)
 Metaspace       used 106994K, capacity 112827K, committed 112960K, reserved 1146880K
  class space    used 13987K, capacity 15190K, committed 15192K, reserved 1048576K
Event: 204.891 GC heap after
Heap after GC invocations=22 (full 4):
 PSYoungGen      total 344576K, used 36849K [0x00000000d5580000, 0x00000000f0b80000, 0x0000000100000000)
  eden space 307712K, 0% used [0x00000000d5580000,0x00000000d5580000,0x00000000e8200000)
  from space 36864K, 99% used [0x00000000eb600000,0x00000000ed9fc518,0x00000000eda00000)
  to   space 53248K, 0% used [0x00000000e8200000,0x00000000e8200000,0x00000000eb600000)
 ParOldGen       total 314880K, used 91391K [0x0000000080000000, 0x0000000093380000, 0x00000000d5580000)
  object space 314880K, 29% used [0x0000000080000000,0x000000008593fcf8,0x0000000093380000)
 Metaspace       used 106994K, capacity 112827K, committed 112960K, reserved 1146880K
  class space    used 13987K, capacity 15190K, committed 15192K, reserved 1048576K
}
Event: 209.167 GC heap before
{Heap before GC invocations=23 (full 4):
 PSYoungGen      total 344576K, used 344561K [0x00000000d5580000, 0x00000000f0b80000, 0x0000000100000000)
  eden space 307712K, 100% used [0x00000000d5580000,0x00000000e8200000,0x00000000e8200000)
  from space 36864K, 99% used [0x00000000eb600000,0x00000000ed9fc518,0x00000000eda00000)
  to   space 53248K, 0% used [0x00000000e8200000,0x00000000e8200000,0x00000000eb600000)
 ParOldGen       total 314880K, used 91391K [0x0000000080000000, 0x0000000093380000, 0x00000000d5580000)
  object space 314880K, 29% used [0x0000000080000000,0x000000008593fcf8,0x0000000093380000)
 Metaspace       used 110846K, capacity 116989K, committed 117184K, reserved 1150976K
  class space    used 14486K, capacity 15723K, committed 15832K, reserved 1048576K
Event: 209.432 GC heap after
Heap after GC invocations=23 (full 4):
 PSYoungGen      total 360960K, used 49865K [0x00000000d5580000, 0x00000000f3280000, 0x0000000100000000)
  eden space 307712K, 0% used [0x00000000d5580000,0x00000000d5580000,0x00000000e8200000)
  from space 53248K, 93% used [0x00000000e8200000,0x00000000eb2b26b0,0x00000000eb600000)
  to   space 60416K, 0% used [0x00000000ef780000,0x00000000ef780000,0x00000000f3280000)
 ParOldGen       total 314880K, used 91399K [0x0000000080000000, 0x0000000093380000, 0x00000000d5580000)
  object space 314880K, 29% used [0x0000000080000000,0x0000000085941cf8,0x0000000093380000)
 Metaspace       used 110846K, capacity 116989K, committed 117184K, reserved 1150976K
  class space    used 14486K, capacity 15723K, committed 15832K, reserved 1048576K
}
Event: 216.551 GC heap before
{Heap before GC invocations=24 (full 4):
 PSYoungGen      total 360960K, used 357577K [0x00000000d5580000, 0x00000000f3280000, 0x0000000100000000)
  eden space 307712K, 100% used [0x00000000d5580000,0x00000000e8200000,0x00000000e8200000)
  from space 53248K, 93% used [0x00000000e8200000,0x00000000eb2b26b0,0x00000000eb600000)
  to   space 60416K, 0% used [0x00000000ef780000,0x00000000ef780000,0x00000000f3280000)
 ParOldGen       total 314880K, used 91399K [0x0000000080000000, 0x0000000093380000, 0x00000000d5580000)
  object space 314880K, 29% used [0x0000000080000000,0x0000000085941cf8,0x0000000093380000)
 Metaspace       used 112441K, capacity 119073K, committed 119232K, reserved 1153024K
  class space    used 14665K, capacity 15979K, committed 16088K, reserved 1048576K
Event: 216.754 GC heap after
Heap after GC invocations=24 (full 4):
 PSYoungGen      total 424448K, used 44906K [0x00000000d5580000, 0x00000000f3980000, 0x0000000100000000)
  eden space 364032K, 0% used [0x00000000d5580000,0x00000000d5580000,0x00000000eb900000)
  from space 60416K, 74% used [0x00000000ef780000,0x00000000f235a8d0,0x00000000f3280000)
  to   space 64000K, 0% used [0x00000000eb900000,0x00000000eb900000,0x00000000ef780000)
 ParOldGen       total 314880K, used 95098K [0x0000000080000000, 0x0000000093380000, 0x00000000d5580000)
  object space 314880K, 30% used [0x0000000080000000,0x0000000085cdeb58,0x0000000093380000)
 Metaspace       used 112441K, capacity 119073K, committed 119232K, reserved 1153024K
  class space    used 14665K, capacity 15979K, committed 16088K, reserved 1048576K
}
Event: 222.180 GC heap before
{Heap before GC invocations=25 (full 4):
 PSYoungGen      total 424448K, used 408938K [0x00000000d5580000, 0x00000000f3980000, 0x0000000100000000)
  eden space 364032K, 100% used [0x00000000d5580000,0x00000000eb900000,0x00000000eb900000)
  from space 60416K, 74% used [0x00000000ef780000,0x00000000f235a8d0,0x00000000f3280000)
  to   space 64000K, 0% used [0x00000000eb900000,0x00000000eb900000,0x00000000ef780000)
 ParOldGen       total 314880K, used 95098K [0x0000000080000000, 0x0000000093380000, 0x00000000d5580000)
  object space 314880K, 30% used [0x0000000080000000,0x0000000085cdeb58,0x0000000093380000)
 Metaspace       used 112706K, capacity 119349K, committed 119488K, reserved 1153024K
  class space    used 14694K, capacity 16017K, committed 16088K, reserved 1048576K
Event: 222.432 GC heap after
Heap after GC invocations=25 (full 4):
 PSYoungGen      total 428032K, used 44126K [0x00000000d5580000, 0x00000000f8580000, 0x0000000100000000)
  eden space 364032K, 0% used [0x00000000d5580000,0x00000000d5580000,0x00000000eb900000)
  from space 64000K, 68% used [0x00000000eb900000,0x00000000ee417868,0x00000000ef780000)
  to   space 66560K, 0% used [0x00000000f4480000,0x00000000f4480000,0x00000000f8580000)
 ParOldGen       total 314880K, used 97973K [0x0000000080000000, 0x0000000093380000, 0x00000000d5580000)
  object space 314880K, 31% used [0x0000000080000000,0x0000000085fad578,0x0000000093380000)
 Metaspace       used 112706K, capacity 119349K, committed 119488K, reserved 1153024K
  class space    used 14694K, capacity 16017K, committed 16088K, reserved 1048576K
}

