# JRE version: OpenJDK Runtime Environment (8.0_242-b01) (build 1.8.0_242-release-1644-b01)
# Java VM: OpenJDK 64-Bit Server VM (25.242-b01 mixed mode windows-amd64 compressed oops)
Heap:
 PSYoungGen      total 482304K, used 89697K [0x00000000d5580000, 0x00000000fad80000, 0x0000000100000000)
  eden space 436224K, 15% used [0x00000000d5580000,0x00000000d981d470,0x00000000eff80000)
  from space 46080K, 46% used [0x00000000eff80000,0x00000000f147b358,0x00000000f2c80000)
  to   space 44032K, 0% used [0x00000000f8280000,0x00000000f8280000,0x00000000fad80000)
 ParOldGen       total 200704K, used 105712K [0x0000000080000000, 0x000000008c400000, 0x00000000d5580000)
  object space 200704K, 52% used [0x0000000080000000,0x000000008673c3b0,0x000000008c400000)
 Metaspace       used 82256K, capacity 87676K, committed 87936K, reserved 1124352K
  class space    used 11327K, capacity 12315K, committed 12416K, reserved 1048576K
GC Heap History (10 events):
Event: 37.083 GC heap before
{Heap before GC invocations=18 (full 3):
 PSYoungGen      total 327168K, used 312234K [0x00000000d5580000, 0x00000000ecd80000, 0x0000000100000000)
  eden space 283648K, 100% used [0x00000000d5580000,0x00000000e6a80000,0x00000000e6a80000)
  from space 43520K, 65% used [0x00000000e9680000,0x00000000eb26ab90,0x00000000ec100000)
  to   space 45056K, 0% used [0x00000000e6a80000,0x00000000e6a80000,0x00000000e9680000)
 ParOldGen       total 200704K, used 76792K [0x0000000080000000, 0x000000008c400000, 0x00000000d5580000)
  object space 200704K, 38% used [0x0000000080000000,0x0000000084afe028,0x000000008c400000)
 Metaspace       used 81562K, capacity 86898K, committed 87040K, reserved 1124352K
  class space    used 11289K, capacity 12274K, committed 12288K, reserved 1048576K
Event: 37.159 GC heap after
Heap after GC invocations=18 (full 3):
 PSYoungGen      total 328704K, used 29962K [0x00000000d5580000, 0x00000000f1280000, 0x0000000100000000)
  eden space 283648K, 0% used [0x00000000d5580000,0x00000000d5580000,0x00000000e6a80000)
  from space 45056K, 66% used [0x00000000e6a80000,0x00000000e87c2a60,0x00000000e9680000)
  to   space 46080K, 0% used [0x00000000ee580000,0x00000000ee580000,0x00000000f1280000)
 ParOldGen       total 200704K, used 76800K [0x0000000080000000, 0x000000008c400000, 0x00000000d5580000)
  object space 200704K, 38% used [0x0000000080000000,0x0000000084b00028,0x000000008c400000)
 Metaspace       used 81562K, capacity 86898K, committed 87040K, reserved 1124352K
  class space    used 11289K, capacity 12274K, committed 12288K, reserved 1048576K
}
Event: 38.328 GC heap before
{Heap before GC invocations=19 (full 3):
 PSYoungGen      total 328704K, used 313610K [0x00000000d5580000, 0x00000000f1280000, 0x0000000100000000)
  eden space 283648K, 100% used [0x00000000d5580000,0x00000000e6a80000,0x00000000e6a80000)
  from space 45056K, 66% used [0x00000000e6a80000,0x00000000e87c2a60,0x00000000e9680000)
  to   space 46080K, 0% used [0x00000000ee580000,0x00000000ee580000,0x00000000f1280000)
 ParOldGen       total 200704K, used 76800K [0x0000000080000000, 0x000000008c400000, 0x00000000d5580000)
  object space 200704K, 38% used [0x0000000080000000,0x0000000084b00028,0x000000008c400000)
 Metaspace       used 81883K, capacity 87342K, committed 87680K, reserved 1124352K
  class space    used 11321K, capacity 12310K, committed 12416K, reserved 1048576K
Event: 38.415 GC heap after
Heap after GC invocations=19 (full 3):
 PSYoungGen      total 407040K, used 34121K [0x00000000d5580000, 0x00000000f2180000, 0x0000000100000000)
  eden space 360960K, 0% used [0x00000000d5580000,0x00000000d5580000,0x00000000eb600000)
  from space 46080K, 74% used [0x00000000ee580000,0x00000000f06d25b0,0x00000000f1280000)
  to   space 48640K, 0% used [0x00000000eb600000,0x00000000eb600000,0x00000000ee580000)
 ParOldGen       total 200704K, used 76808K [0x0000000080000000, 0x000000008c400000, 0x00000000d5580000)
  object space 200704K, 38% used [0x0000000080000000,0x0000000084b02028,0x000000008c400000)
 Metaspace       used 81883K, capacity 87342K, committed 87680K, reserved 1124352K
  class space    used 11321K, capacity 12310K, committed 12416K, reserved 1048576K
}
Event: 39.764 GC heap before
{Heap before GC invocations=20 (full 3):
 PSYoungGen      total 407040K, used 395081K [0x00000000d5580000, 0x00000000f2180000, 0x0000000100000000)
  eden space 360960K, 100% used [0x00000000d5580000,0x00000000eb600000,0x00000000eb600000)
  from space 46080K, 74% used [0x00000000ee580000,0x00000000f06d25b0,0x00000000f1280000)
  to   space 48640K, 0% used [0x00000000eb600000,0x00000000eb600000,0x00000000ee580000)
 ParOldGen       total 200704K, used 76808K [0x0000000080000000, 0x000000008c400000, 0x00000000d5580000)
  object space 200704K, 38% used [0x0000000080000000,0x0000000084b02028,0x000000008c400000)
 Metaspace       used 82043K, capacity 87514K, committed 87680K, reserved 1124352K
  class space    used 11326K, capacity 12314K, committed 12416K, reserved 1048576K
Event: 39.840 GC heap after
Heap after GC invocations=20 (full 3):
 PSYoungGen      total 409600K, used 12460K [0x00000000d5580000, 0x00000000f6000000, 0x0000000100000000)
  eden space 360960K, 0% used [0x00000000d5580000,0x00000000d5580000,0x00000000eb600000)
  from space 48640K, 25% used [0x00000000eb600000,0x00000000ec22b280,0x00000000ee580000)
  to   space 47616K, 0% used [0x00000000f3180000,0x00000000f3180000,0x00000000f6000000)
 ParOldGen       total 200704K, used 100346K [0x0000000080000000, 0x000000008c400000, 0x00000000d5580000)
  object space 200704K, 49% used [0x0000000080000000,0x00000000861fe9b0,0x000000008c400000)
 Metaspace       used 82043K, capacity 87514K, committed 87680K, reserved 1124352K
  class space    used 11326K, capacity 12314K, committed 12416K, reserved 1048576K
}
Event: 41.022 GC heap before
{Heap before GC invocations=21 (full 3):
 PSYoungGen      total 409600K, used 373420K [0x00000000d5580000, 0x00000000f6000000, 0x0000000100000000)
  eden space 360960K, 100% used [0x00000000d5580000,0x00000000eb600000,0x00000000eb600000)
  from space 48640K, 25% used [0x00000000eb600000,0x00000000ec22b280,0x00000000ee580000)
  to   space 47616K, 0% used [0x00000000f3180000,0x00000000f3180000,0x00000000f6000000)
 ParOldGen       total 200704K, used 100346K [0x0000000080000000, 0x000000008c400000, 0x00000000d5580000)
  object space 200704K, 49% used [0x0000000080000000,0x00000000861fe9b0,0x000000008c400000)
 Metaspace       used 82151K, capacity 87608K, committed 87936K, reserved 1124352K
  class space    used 11326K, capacity 12315K, committed 12416K, reserved 1048576K
Event: 41.057 GC heap after
Heap after GC invocations=21 (full 3):
 PSYoungGen      total 477184K, used 13556K [0x00000000d5580000, 0x00000000f5980000, 0x0000000100000000)
  eden space 436224K, 0% used [0x00000000d5580000,0x00000000d5580000,0x00000000eff80000)
  from space 40960K, 33% used [0x00000000f3180000,0x00000000f3ebd000,0x00000000f5980000)
  to   space 46080K, 0% used [0x00000000eff80000,0x00000000eff80000,0x00000000f2c80000)
 ParOldGen       total 200704K, used 103194K [0x0000000080000000, 0x000000008c400000, 0x00000000d5580000)
  object space 200704K, 51% used [0x0000000080000000,0x00000000864c6a18,0x000000008c400000)
 Metaspace       used 82151K, capacity 87608K, committed 87936K, reserved 1124352K
  class space    used 11326K, capacity 12315K, committed 12416K, reserved 1048576K
}
Event: 42.574 GC heap before
{Heap before GC invocations=22 (full 3):
 PSYoungGen      total 477184K, used 449780K [0x00000000d5580000, 0x00000000f5980000, 0x0000000100000000)
  eden space 436224K, 100% used [0x00000000d5580000,0x00000000eff80000,0x00000000eff80000)
  from space 40960K, 33% used [0x00000000f3180000,0x00000000f3ebd000,0x00000000f5980000)
  to   space 46080K, 0% used [0x00000000eff80000,0x00000000eff80000,0x00000000f2c80000)
 ParOldGen       total 200704K, used 103194K [0x0000000080000000, 0x000000008c400000, 0x00000000d5580000)
  object space 200704K, 51% used [0x0000000080000000,0x00000000864c6a18,0x000000008c400000)
 Metaspace       used 82255K, capacity 87676K, committed 87936K, reserved 1124352K
  class space    used 11327K, capacity 12315K, committed 12416K, reserved 1048576K
Event: 42.633 GC heap after
Heap after GC invocations=22 (full 3):
 PSYoungGen      total 482304K, used 21484K [0x00000000d5580000, 0x00000000fad80000, 0x0000000100000000)
  eden space 436224K, 0% used [0x00000000d5580000,0x00000000d5580000,0x00000000eff80000)
  from space 46080K, 46% used [0x00000000eff80000,0x00000000f147b358,0x00000000f2c80000)
  to   space 44032K, 0% used [0x00000000f8280000,0x00000000f8280000,0x00000000fad80000)
 ParOldGen       total 200704K, used 105712K [0x0000000080000000, 0x000000008c400000, 0x00000000d5580000)
  object space 200704K, 52% used [0x0000000080000000,0x000000008673c3b0,0x000000008c400000)
 Metaspace       used 82255K, capacity 87676K, committed 87936K, reserved 1124352K
  class space    used 11327K, capacity 12315K, committed 12416K, reserved 1048576K
}

